<?xml version="1.0" encoding="UTF-8"?>
<testng-results skipped="0" failed="0" ignored="0" total="2" passed="2">
  <reporter-output>
  </reporter-output>
  <suite name="Default suite" duration-ms="19509" started-at="2020-07-04T11:04:39 CEST" finished-at="2020-07-04T11:04:58 CEST">
    <groups>
    </groups>
    <test name="Default test" duration-ms="19509" started-at="2020-07-04T11:04:39 CEST" finished-at="2020-07-04T11:04:58 CEST">
      <class name="openlink.OpenFQATest">
        <test-method status="PASS" signature="setUp()[pri:0, instance:openlink.OpenFQATest@a7e666]" name="setUp" is-config="true" duration-ms="10373" started-at="2020-07-04T11:04:39 CEST" finished-at="2020-07-04T11:04:49 CEST">
          <reporter-output>
          </reporter-output>
        </test-method> <!-- setUp -->
        <test-method status="PASS" signature="openFaqPageAndVerifyIt()[pri:1, instance:openlink.OpenFQATest@a7e666]" name="openFaqPageAndVerifyIt" duration-ms="1206" started-at="2020-07-04T11:04:49 CEST" finished-at="2020-07-04T11:04:50 CEST">
          <reporter-output>
          </reporter-output>
        </test-method> <!-- openFaqPageAndVerifyIt -->
        <test-method status="PASS" signature="openNahla()[pri:0, instance:openlink.OpenFQATest@a7e666]" name="openNahla" is-config="true" duration-ms="1821" started-at="2020-07-04T11:04:50 CEST" finished-at="2020-07-04T11:04:52 CEST">
          <reporter-output>
          </reporter-output>
        </test-method> <!-- openNahla -->
        <test-method status="PASS" signature="openTuzlaPageAndVerifyIt()[pri:2, instance:openlink.OpenFQATest@a7e666]" name="openTuzlaPageAndVerifyIt" duration-ms="3846" started-at="2020-07-04T11:04:52 CEST" finished-at="2020-07-04T11:04:56 CEST">
          <reporter-output>
          </reporter-output>
        </test-method> <!-- openTuzlaPageAndVerifyIt -->
        <test-method status="PASS" signature="openNahla()[pri:0, instance:openlink.OpenFQATest@a7e666]" name="openNahla" is-config="true" duration-ms="2186" started-at="2020-07-04T11:04:56 CEST" finished-at="2020-07-04T11:04:58 CEST">
          <reporter-output>
          </reporter-output>
        </test-method> <!-- openNahla -->
      </class> <!-- openlink.OpenFQATest -->
    </test> <!-- Default test -->
  </suite> <!-- Default suite -->
</testng-results>
